app/build/intermediates/manifest_merge_blame_file/debug/manifest-merger-blame-debug-report.txt
1<?xml version="1.0" encoding="utf-8"?>
2<manifest xmlns:android="http://schemas.android.com/apk/res/android"
3    package="com.example.biodataapp"
4    android:versionCode="1"
5    android:versionName="1.0" >
6
7    <uses-sdk
8        android:minSdkVersion="15"
8-->src\main\AndroidManifest.xml
9        android:targetSdkVersion="29" />
9-->src\main\AndroidManifest.xml
10
11    <application
11-->src\main\AndroidManifest.xml:5:5-22:19
12        android:allowBackup="true"
12-->src\main\AndroidManifest.xml:6:9-35
13        android:appComponentFactory="androidx.core.app.CoreComponentFactory"
13-->[androidx.core:core:1.0.2] AndroidManifest.xml:22:18-86
14        android:debuggable="true"
15        android:icon="@drawable/ic_person_pin_black_24dp"
15-->src\main\AndroidManifest.xml:7:9-58
16        android:label="@string/app_name"
16-->src\main\AndroidManifest.xml:8:9-41
17        android:roundIcon="@drawable/ic_person_pin_black_24dp"
17-->src\main\AndroidManifest.xml:9:9-63
18        android:supportsRtl="true"
18-->src\main\AndroidManifest.xml:10:9-35
19        android:theme="@style/Theme.AppCompat.Light.NoActionBar" >
19-->src\main\AndroidManifest.xml:11:9-65
20        <activity android:name="com.example.biodataapp.SplashScreen" >
20-->src\main\AndroidManifest.xml:12:9-18:20
20-->src\main\AndroidManifest.xml:12:19-47
21            <intent-filter>
21-->src\main\AndroidManifest.xml:13:13-17:29
22                <action android:name="android.intent.action.MAIN" />
22-->src\main\AndroidManifest.xml:14:17-69
22-->src\main\AndroidManifest.xml:14:25-66
23
24                <category android:name="android.intent.category.LAUNCHER" />
24-->src\main\AndroidManifest.xml:16:17-77
24-->src\main\AndroidManifest.xml:16:27-74
25            </intent-filter>
26        </activity>
27        <activity android:name="com.example.biodataapp.EditProfilActivity" />
27-->src\main\AndroidManifest.xml:19:9-56
27-->src\main\AndroidManifest.xml:19:19-53
28        <activity android:name="com.example.biodataapp.ProfilActivity" />
28-->src\main\AndroidManifest.xml:20:9-52
28-->src\main\AndroidManifest.xml:20:19-49
29        <activity android:name="com.example.biodataapp.MainActivity" >
29-->src\main\AndroidManifest.xml:21:9-60
29-->src\main\AndroidManifest.xml:21:19-47
30        </activity>
31    </application>
32
33</manifest>